<?xml version="1.0" encoding="UTF-8"?>
<testsuite name="CalculatorUnitTests" tests="1" skipped="0" failures="0" errors="0" timestamp="2021-11-25T10:55:14" hostname="LAPTOP-2CA2UD9P" time="0.011">
  <properties/>
  <testcase name="testAddition()" classname="CalculatorUnitTests" time="0.011"/>
  <system-out><![CDATA[]]></system-out>
  <system-err><![CDATA[]]></system-err>
</testsuite>
